<?xml version="1.0" encoding="UTF-8"?>
<!-- Generated by org.testng.reporters.JUnitReportReporter -->
<testsuite hostname="DESKTOP-U1ICDV2" failures="0" tests="6" name="api.test.DataDrivenTests" time="10.939" errors="0" timestamp="2023-03-23T16:08:21 IST" skipped="0">
  <testcase classname="api.test.DataDrivenTests" name="testPostUser" time="3.901"/>
  <system-out/>
  <testcase classname="api.test.DataDrivenTests" name="testPostUser" time="1.335"/>
  <system-out/>
  <testcase classname="api.test.DataDrivenTests" name="testPostUser" time="1.388"/>
  <system-out/>
  <testcase classname="api.test.DataDrivenTests" name="testDeleteUserByName" time="1.388"/>
  <system-out/>
  <testcase classname="api.test.DataDrivenTests" name="testDeleteUserByName" time="1.550"/>
  <system-out/>
  <testcase classname="api.test.DataDrivenTests" name="testDeleteUserByName" time="1.377"/>
  <system-out/>
</testsuite> <!-- api.test.DataDrivenTests -->
