<?xml version="1.0" encoding="UTF-8"?>
<!-- Generated by org.testng.reporters.JUnitReportReporter -->
<testsuite hostname="DESKTOP-U1ICDV2" failures="0" tests="4" name="api.test.UserTests2" time="11.810" errors="0" timestamp="2023-03-25T09:17:32 IST" skipped="0">
  <testcase classname="api.test.UserTests2" name="testPostUser" time="3.994"/>
  <system-out/>
  <testcase classname="api.test.UserTests2" name="testGetUser" time="1.914"/>
  <system-out/>
  <testcase classname="api.test.UserTests2" name="testUpdateUser" time="3.352"/>
  <system-out/>
  <testcase classname="api.test.UserTests2" name="testDeleteUser" time="2.550"/>
  <system-out/>
</testsuite> <!-- api.test.UserTests2 -->
