<?xml version="1.0" encoding="UTF-8"?>
<!-- Generated by org.testng.reporters.JUnitReportReporter -->
<testsuite hostname="DESKTOP-U1ICDV2" failures="0" tests="4" name="api.test.UserTests" time="14.506" errors="0" timestamp="2023-03-25T09:15:40 IST" skipped="0">
  <testcase classname="api.test.UserTests" name="testPostUser" time="5.070"/>
  <system-out/>
  <testcase classname="api.test.UserTests" name="testGetUser" time="2.426"/>
  <system-out/>
  <testcase classname="api.test.UserTests" name="testUpdateUser" time="4.868"/>
  <system-out/>
  <testcase classname="api.test.UserTests" name="testDeleteUser" time="2.142"/>
  <system-out/>
</testsuite> <!-- api.test.UserTests -->
