<?xml version="1.0" encoding="UTF-8"?>
<!-- Generated by org.testng.reporters.JUnitReportReporter -->
<testsuite hostname="DESKTOP-U1ICDV2" failures="0" tests="4" name="api.test.UserTests" time="13.369" errors="0" timestamp="2023-03-25T10:00:23 IST" skipped="0">
  <testcase classname="api.test.UserTests" name="testPostUser" time="2.555"/>
  <system-out/>
  <testcase classname="api.test.UserTests" name="testGetUser" time="2.826"/>
  <system-out/>
  <testcase classname="api.test.UserTests" name="testUpdateUser" time="5.116"/>
  <system-out/>
  <testcase classname="api.test.UserTests" name="testDeleteUser" time="2.872"/>
  <system-out/>
</testsuite> <!-- api.test.UserTests -->
