<?xml version="1.0" encoding="UTF-8"?>
<!-- Generated by org.testng.reporters.JUnitReportReporter -->
<testsuite hostname="DESKTOP-U1ICDV2" failures="0" tests="6" name="api.test.DataDrivenTests" time="19.415" errors="0" timestamp="2023-03-25T10:00:23 IST" skipped="0">
  <testcase classname="api.test.DataDrivenTests" name="testPostUser" time="5.999"/>
  <system-out/>
  <testcase classname="api.test.DataDrivenTests" name="testPostUser" time="3.178"/>
  <system-out/>
  <testcase classname="api.test.DataDrivenTests" name="testPostUser" time="2.686"/>
  <system-out/>
  <testcase classname="api.test.DataDrivenTests" name="testDeleteUserByName" time="2.546"/>
  <system-out/>
  <testcase classname="api.test.DataDrivenTests" name="testDeleteUserByName" time="2.880"/>
  <system-out/>
  <testcase classname="api.test.DataDrivenTests" name="testDeleteUserByName" time="2.126"/>
  <system-out/>
</testsuite> <!-- api.test.DataDrivenTests -->
